good night . 
i 'd like to dye . 
i 'd like some strong coffee . 
i 'm a systems engineer a computer . 
is there a department store around here ? 
which flight can i take ? 
a beautiful day , isn 't it ? 
that man is ど阿呆 . 
do you have this in different colors ? 
i 'd like to send this parcel to japan , what is the quickest way ? 
one hundred thirty yen to the dollar . 
what seems to be the problem ? 
where can i send a fax ? 
some more bread , please . 
may i have a receipt ? 
have you ever heard of a night spot called the blue note ? 
please wait for a moment while we are investigating . 
yes , please . 
may i have your name and room number , please ? 
hurry up . 
certainly . 
may i confirm the bill , please . 
could you send a bellboy up ? 
that 's all . 
how many hours are we delayed ? 
please tell me where the station is . 
it 's urgent . 
how will you pay , by cash or credit card ? 
when is breakfast . 
do you accept this morning except for breakfast service , did you ? 
have a nice trip . 
i had an accident . 
could you speak more slowly , please ? 
would you like to have dinner with me tomorrow ? 
i 'm 弾き the guitar . 
the charge is ninety-nine dollars . 
it 's on this side of the street . 
would you like tomato on that ? 
the hot water runs over . 
what kind of cruises are there on the seine river ? 
this is out of stock . 
i 'd like to see the and a branch chief . 
i 'm sorry you can 't . 
don 't you have anything cheaper ? 
a ticket to glasgow berth , please . 
fill it up , please . 
how much is the surcharge for the express ? 
yes , i understand . 
thank you . 
be careful . 
when do you have seats available ? 
on the rocks , please . 
on business or pleasure ? 
the 建国 february eleventh memorial day . 
may i have some small change , please . 
what time do you close the shopping center ? 
to miami ? 
front tooth hurts . 
i don 't know how to have you had inside ? 
thank you . 
i don 't feel well . 
one dollar bills . 
excuse me . 
it might be on the desk withdraw . 
where is the rest room ? 
please clean the room . 
how long will you be staying ? 
i 'd like to make a collect call to japan . 
could you call again later ? 
do you have a table for six ? 
where 's the most famous places here ? 
a roll of film , please . 
i 'd like to see others in a different color ? 
can i get a refund for this ticket ? 
i 'm looking for a room one two three four , could you tell me how to get there . 
who 's the director here ? 
what 's the purpose of your visit ? 
how would you like it ? 
excuse me , where is the nearest shoe shop ? 
i 'm crazy about tennis . 
can i make a direct call to japan from my room ? 
that 's so 回り道 under the way should i make a . 
we don 't have a 釣り銭 right now . 
how much per hour ? 
please pay when you 're 出来上がっ shoes . 
i 'd like to buy something secretary . 
does it have a warranty ? 
is there a public restroom near here ? 
he 'll be right with you . 
it 's good for your health . 
can i get a tourist information office , please . 
how many people are there a room ? 
there 's something wrong with the engine . 
what time is it ? 
how far is it ? 
i put money in , but i machine doesn 't work ? i 'd like to get my money back . 
where are we now ? 
hello , i have a reservation in the name of endo . 
here 's my business card . 
i 'd like to reserve a room for tomorrow . 
could you clean this sweater , please ? 
what is this line for ? 
where is this made ? 
where is my seat ? 
let 's meet again . 
i have a high temperature . 
what kind of room would you like ? 
is everything all right ? 
would you like a salad or relish ? 
do you understand japanese ? 
what 's in it ? 
the two hundred fifty dollars and eighty cents mean ? 
i 'd love to . 
i 'd like these clothes washed . 
i understand . 
please show me a case . 
please keep the change . 
got it ? 
do you have a room that 's 屋根裏 ? 
is this all the baggage from flight one five ? 
fill it up with unleaded , please . 
does this train have a sleeping car ? 
non-smoking , please . 
it 's not my fault . 
how will you pay , by cash or credit card ? 
four more of the same as this , please . 
i 'd like some mineral water , please . 
six packs of soda water , please . 
congratulations . 
i have two thousand dollars . 
may i have your name , 聞きもらし . 
can you tell me how to get there ? 
seven thousand yen per night including breakfast . 
do you have a reservation ? 
will you do me a favor ? 
yes , here it is . 
soho is in this direction ? 
do you have a more reasonable hotel ? 
how about this afternoon , i enjoyed ? my name is yoshida is four o 'clock to your office would you tell me how to get there ? 
hold on , please . 
may i have a menu , please . 
buddhism five hundred thirty eight years i tell him . 
coke , please . 
i see . 
may i take your eyes open now ? 
could you check the brake fluid ? 
do you have something for a date from today . 
mr. watson , could you tell him i called , please ? 
hello.this is dr. 村上 ? 
it 's too expensive for me . 
hold the line , please . 
rare , please . 
do you have ? 
i 'm not sure . 
can i make a reservation for golf ? 
may i use your telephone ? 
i 'll try . 
do you have any bags around two hundred dollars ? 
just a hair cut , please . 
smoking seat , please . 
does it include the pantheon ? 
a swim suit in a , please . 
i 'm here on vacation . 
ink , please . 
when will the photos be done ? 
i don 't have time now . 
i don 't like ? 
call a doctor , please . 
may i move to a back ? 
congratulations , i heard you born girls , isn 't it ? 
could you recommend some inexpensive restaurant ? 
can 't you make it earlier 急ぐ , so please ? 
fill it up , please . 
would you like to get together for dinner tomorrow ? 
i regret it . 
how much is the return ticket to boston ? 
thief . 
i sprained my left ankle . 
certainly , sir . ? 
yes , i think so . 
i 'm learning how to 陶芸 . 
certainly . 
i 'd like some dye . 
no , thank you.i 'd like a refund , please . 
is there anyone who speaks japanese ? 
where is the transit lounge ? 
is there a swimming pool ? 
i 'd like to make a reservation for a twin room . 
what is nasty smell . 
i 'll call again . 
i 'd like to your hands 握り . 
what to make a call to japan on number should i press first ? 
do you have anything for this number ? 
do you like working here ? 
medium , please . 
i 'd like to reserve a table for six , please . 
i 'd like my boiled egg , please . 
my car has broken down . 
excuse me , do you have this ? 
do you have soft drinks ? 
i haven 't gotten salad . 
good afternoon . 
please return your seat to the upright position . 
just a moment , please . 
oh , だんだん something different on the door . 
may i have another cup of coffee ? 
could you show me the cloakroom ? 
i broke my left my nails 人差し指 . 
i 'd like to reserve a seat . 
do you have any sightseeing buses ? 
i feel dizzy . 
cash , please . 
is this flight leave from gate number five . 
please stop over there . 
does this price include tax ? 
can you lend me spanner , please ? 
soy sauce , please ? 
which platform does this train leave from ? 
what 's the express charge ? 
what time is it now in japan ? 
is this your first visit to this . 
may i call my wife also ? 
do you have any liquor 付き合っ with me tonight ? 
i was robbed of my bag in front of the bank . 
we have coffee , tea , juice , beer , wine , whiskey and cocktails . 
three seats for the train to glasgow leave the train for me ? 
yes , it is . 
excuse me , the amount is wrong . 
could you tell him to call mr. smith ? 
show me a list of your rates , please . 
size eleven . 
from seven to on march third , please . 
just a moment , please . 
yes.this morning at ten thirty . 
may i see your driver 's license and registration car , please . 
i have nothing to declare . 
airmail to japan , please . 
let 's take your blood pressure . 
極 hot , please . 
stop that car , i was shot . 
can you change this into dollars , please . 
could you speak more slowly ? 
do you have a traffic on the bus is delayed . 
is it open today ? 
do you have a discount ticket to sydney ? 
six o 'clock every day up . 
my camera was stolen from my room . 
can i change my flight ? 
that , too . 
i live in an apartment by myself . 
just a moment , please . 
where can i buy a token ? 
what is he like ? 
how about at four o 'clock ? 
that way . 
do you have one that is my size ? 
when will be convenient for this evening ? 
my baggage down , please . 
i 'm planning to go to a concert tonight . 
i have a stomachache . 
hands up . 
may i have a receipt , please . 
it 's too big for me . 
is it a comedy ? 
wait a few minutes phone now . 
may i interrupt you for a job ? 
that 's good . 
how much does it cost by airmail ? 
is this letter addressed to me ? 
i dropped a ski pole . 
i 'd like to check out at seven o 'clock tomorrow . 
coke , please . 
you are it very fun . 
two days . 
i 'd like to go swimming . 
the toilet won 't stop running . 
i 'd like to get on the purple . 
do you have any hobbies ? 
what wine do you recommend for about thirty dollars ? 
can i have some 手提げ袋 ? 
you pay for , . 
i think i 'll go to disneyland tomorrow , but don 't you go with me ? 
yes , it 's too bad . 
i 'll have a lighter . 
when is the most convenient for you ? 
of sliced ターキー sandwich , please . 
i 'll have the sirloin steak for two people . 
i 'll pay with this credit card . 
fill it up , please . 
this is old is this ? 
at ten o 'clock , will you wait for me here , isn 't it ? 
see you later . 
where are you going to stay ? 
i 'm looking for a blouse in my size . 
clear the door here ? i don 't want to see something つぶし 駆除 should i have a full . 
have you ever been to what ? 
maybe i think one on the first floor . 
you mugged . 
is this flight arriving on schedule ? 
yes , i 'd like a martini to follow the manhattan , isn 't it ? 
i understand . 
i 'm a beginner us . 
please tell him ishida called . 
see you . 
can i have breakfast in my room service , please . 
do you have any other designs ? 
could you recommend a restaurant , please . 
please tell me a good surfing place ? 
could you pass me the pepper , please ? 
yes , i have a coke , please ? 
i 'm sorry . 
i like to soul music and my house . 
my 痙攣 order . 
could you tell me the place and situation . 
please put it in a box that buy stamps at the gift shop . 
please send this package c.o.d. 
what 's it for sign ? 
i 'll come back again . 
how many years have you been to meet you at last . 
how much is this tour ? 
next friday , but there 's nothing to open to come to a party . 
my name is ichiro tanaka . 
excuse me . 
i 'd like to reserve seats . 
two adults and one child , please . 
valid for the day . 
i was in high school at tennis club . 
yes , and found a similar notebook . 
i plan to be a biologist . 
please take this baggage to the left something to drink , please . 
no , red bag is next to things . 
must i sign the checks . 
could you recommend a good restaurant near here ? 
i 'd like an automatic car . 
what is this made of ? 
i 'm sorry , but i can 't do that . 
i 'd like some ゴーグル . 
do you have any ペリエ ? 
i have another cup of coffee ? 
may i borrow a pan ? 
do you have a light ? 
no , you said カビ smells like cheese . 
matinee performance ? i mean ? matinee performance . 
how do you like fish , fish is one of the specialties of your country are you from the salmon フグ do you have only to import . 
excuse me , where 's the book store ? 
how much ? 
i 'd like to go to soho ? 
by nine o 'clock prepare my bill , please . 
four . 
where 's the golf course ? 
could you tell me how to fill out a customs declaration form , please . 
excuse me , but is wrong with the headset . 
could you take this away , please ? 
two tickets to , four hundred and thirty yen . 
how much is the excess baggage charge ? 
call the police . 
i 'm sorry , but our tables are full.would . 
i 've lost my handbag . 
please show me these earrings . 
the best way is by subway . 
the tv doesn 't work . 
yes , that 's right . 
here 's your change . 
where is the baggage to check in ? 
have a safe trip home . 
please pay at the table ? 
platform number four . 
i 'd like to check out , this is mr. sato in room two o four . 
there are ten brand . 
i 'm a housewife . 
could you exchange it for another one ? 
do you have any 病歴 . 
i 'm nervous . 
good night . 
集中 . 
what time can we start playing ? 
he was a man with long hair . 
is this blouse was than i expected . 
would you carry my baggage , please ? 
how long does it take on foot ? 
did you say no thirty dollars . 
yes . 
my blood しらべ . 
i 'd like a haircut and permanent . 
what movies are playing now ? 
i 'd like a pin . 
to the park hotel , please . 
the number is twenty-two eleven . 
i 'd like a window seat , please . 
what is this charge for ? 
this table all right ? 
no , it 's free . 
i have no words to express my thanks . 
do you have this in my size ? 
it 's eighteen carat . 
how many stops to lincoln center ? 
something wrong with this personal computer . 
does it include drinks ? 
could you recommend a bar with a good selection of california wines ? 
no . 
by airmail , please . 
it 's fine . 
the かなう my dream . 
where should i line up ? 
balcony seats , please . 
there 's something wrong with my earphones , please check it . 
who 's to blame ? 
do you have any larger the safe deposit , please ? 
to go , please . 
there 's an injured person here . 
would you like me to him 引き合わ very much . 
i 'll ぼ whoops . 
what kind of show do you have ? 
i 'd like a can opener . 
yes , but in the weight . 
the シューベルト theater forty-fourth street . 
i have a headache . do you have some aspirin ? 
i feel sick . 
i 'd like to take a convertible キャデラック don 't you try the play ? 
i 'm sorry . 
our company is the average from nine a.m. to five about twice a week . 
a little more off . 
good afternoon . 
do you have a band-aid and 赤チン ? 
from a vending machine , but nothing came out . 
that 's all right . 
can 't you make it any cheaper ? 
i cut my finger with a lot of blood in line . 
could you hurry up a little ? 
i would like to get a job with a large 企業 . 
please show me the blouse . 
please send a bellboy to my room . 
i 'll pass this time . 
the door , please . 
this way . 
international オペレター , please . 
where is platform number five ? 
is there a good seafood restaurant . 
you have food poisoning . 
could you ask him to call you back soon . 
oh , i see . 
i don 't have enough . 
that アリ ? 
i feel a little cold . 
can i have a map of the slope , please . 
two adults , please . 
i 'd like the 折り合え . 
there are so many museum . 
could you page mr. suzuki ? he must be somewhere in this hotel ? 
the fit you . 
i 'll arrive late for two days . 
is this the bus stop to downtown ? 
that 's 妥当 place is . 
why do you suggest i go think red wine . 
call the police , i 'll ask for an accident report . 
how much would you like to change ? 
you need an operation . 
do you have this in white ? 
please call the police right away ? 
will the train ? 
money in there ? 
how long is your score ? 
is the museum open today ? 
good evening.how many in your party ? 
please don 't cut too much on the back , please . 
nice meeting with you today . 
may i have an accident report , please . 
that 's very much , i can 't believe it . 
what would you like to have ? 
i had a collision . 
i made a reservation in tokyo . 
the faucet is dripping . 
yes , if you will be able to use visa or master card . 
what station is this ? 
no , not yet . 
how do i make a direct long distance call from this phone should i do ? 
i 'd like two tickets for the two balcony seats for tonight . 
i 'm going in that direction , too . 
hello.is march nineteenth , i 'd like to change my reservation . 
stamps , please . 
do you also have a しま . 
twenty gate seven . 
i came to 高まっ amount of industry , isn 't it ? 
please take this medicine three times a day after meals . 
yes , but there is a coffee pack . 
how much is the fare ? 
what time does the last train leave ? 
do you have any special menu for diabetics ? 
it 's right over there . 
i 'll give you a special . 
this doesn 't fit me . 
where can i pick up my baggage ? 
is it furnished ? 
does it come with a guarantee with this camera ? 
this room is too expensive for me . 
what do you mean ? 
how many more hours to tokyo ? 
may i next ? 
which gate ? 
牛 lamp beef steak and tomato salad , please . 
would you check the double that one ? 
twenty dollars in advance . 
oh , my gosh . 
yes , you can i change my reservation to the without once . 
stop it . 
i 'll take it . 
i 've lost my passport . 
where can i reserve a ticket ? 
could you exchange this for a new one ? 
one two three eight seven six five . 
i 'd like the upper clothing 鍛え garden.which machine should i use ? 
three . 
another fork , please . 
can you 銃声 . 
i 'd like something for a fever . 
where 's the cloakroom ? 
sign here , please . 
turn right at the traffic light . 
no sugar in your coffee , please . 
may i have something to drink ? 
no , but is this seat taken ? 
i 'm sure . 
how much is the doctor ? 
what time does it leave ? 
well , it 's about tomorrow night ? 
wrap it , please . 
then , i 'll go by subway ? 
おかえりなさい . 
what would you like to drink ? 
no problem . 
i 'd like to send a letter to paris . 
do you have a program of events ? 
how much is the commission ? 
which is your baggage ? 
the telephone doesn 't work . 
how would you like your hair ? 
i 'd like to pick up my valuables . 
what kind of show is today ? 
let me see . 
do you have the theater near here ? 
how long does it take to central station from this hotel ? 
what is the specialty of this restaurant ? 
i 'll send you the pictures . 
how should i received . 
the hot water overflowed from the bathtub . 
what number are you calling ? 
don 't you have anything cheaper ? 
the toilet is blocked . 
are you looking for something ? 
do i need a reservation ? 
i 'd like to reserve a seat to denver . 
ダブルデッカー is good . 
ready by friday . 
can i make a reservation for tomorrow ? 
is there a pay phone near here ? 
which would you like , beef or chicken ? 
this is just my size . 
i have two pieces of baggage . 
what is the boarding time ? 
can i pay by traveler 's checks ? 
i can speak german a little . 
do you have a subway route map ? 
may i use this telephone ? 
i come from チュニジア . 
could you tell me the way to the hospital , please . 
may i try this on ? 
do you have a vegetarian meal ? 
this tooth hurts . 
can i have some medicine ? 
can i use this visa card ? 
please dial the number eight . 
i 'm sorry , we don 't , but why ボージョレ . 
how do you eat this ? 
good morning . 
could you put this in a safe place a fragile ? 
when was it built ? 
i have allergies . 
please make out a household you happy . 
when should i pick it up ? 
smoking or non-smoking ? 
do you mind if i take away your plates ? 
my camera . 
i 'm just looking . 
is there a connection to boston ? 
i 'm sorry , i don 't understand . 
where do the sightseeing buses ? 
turn right at the intersection . 
i can 't find my baggage . 
that sounds interesting.when . 
how about this ? 
you 're welcome . 
i missed my train . 
can i pay by check this , please ? 
can i have a seat by the window ? 
do you have this in the basement 棟 then . 
yes , here you are . 
what is this crocodile フリッター . 
could you tell me which bus to take ? 
this is very good . 
what 's the purpose of sightseeing . 
i 'd like to buy a road map . 
is it possible , today . 
really ? 
i can 't do it more late , how about this afternoon ? 
i 'd like to make a collect call to japan . 
i 'd like these clothes dry-cleaned . 
would you like some more coffee ? 
i 'd like to send this parcel to japan by sea mail ? 
don 't follow me . 
six days . 
how can i get there ? 
how often does it run ? 
what 's the of unfair ? i guess you are . 
which foundation blends with my natural skin color ? 
take me to the hospital , please . 
have a nice day . 
thank you for everything . 
i 'll come back today . 
please call a taxi for me . 
yes , let 's go . 
is there a nice restaurant near here ? 
i left my key in my room . 
i 'd like a window seat , please . 
i 'll be more . 
what kind of 格好 , i get better ? 
how long is it ? 
help . 
i left my key in my room . myself . 
yes , it takes a car . 
can i drop the car off ? 
i 'm next sunday eighteen years old . 
i 'm sorry to have kept you waiting . 
what kind of stone is this ? 
but it 's your best price ? 
departing passengers on flight jal five for tokyo begin boarding , please . 
one dollar , how much is it in japanese yen ? 
do you have a smaller one ? 
where can i buy that ? 
the brake doesn 't work . 
i 've got a flat tire . 
by sea mail , please . 
please wait till i make a reservation for the airline . 
would you carry my baggage to the bellboy ? 
how long is the wait ? 
i need it . 
would you take a picture with me ? 
my luggage hasn 't been delivered yet . 
could you call an ambulance ? 
i 'd like a seat in the front . 
what is that ? 
do you have a single room ? 
sign here , please . 
let 's have a light meal . 
i 'd like a frank with the grill room with lemon カレイ sauce . 
how many stops are there from here to memphis ? 
could you take my picture ? 
is that so ? 
do i have to take this 権利 for me . 
this is this washable ? 
are all seats free seat ? 
does this price include tax and from one hundred twenty-five dollars is about one hundred and thirty-five dollars to see them . 
does this train stop at every ? 
where is the exchange counter ? 
i 'd like two six years old . 
the key for room ten fifteen , please . 
is there a taxi stand near here ? 
where can i rent a car ? 
please let me know when we arrive there . 
do you accept credit cards ? 
i have a pain in my chest . 
i 'd like to get something from my checked baggage . 
thank you very much for coming to see me , doctor . 
can i pay in japanese yen ? 
oh , isn 't it ? 
do you have a bus route map ? 
how much is the charge include a cart ? 
let 's go to my favorite places . 
i 'd like a car with automatic . 
what is this machine ? 
i had my passport in my handbag . 
anything on it ? 
do you have a seat in the non-smoking section . 
let me off here , please . 
how can i turn on this light on ? 
i 'd like to cash some traveler 's checks . 
how long will it be delayed ? 
i have a reservation.my name is toshio abe.i 'm . 
yes , please . 
in the overhead my bag isn 't going to fit in there . 
where is the rest room ? 
please show me how to do it . 
can i check in cash , credit card , what would can see it hurts . 
please take this baggage to the lobby . 
is this the correct direction ? 
can i buy duty-free items on board ? 
this fruit , a quarter pound , please . 
may i have an accident report , please . 
i think you are in my seat . 
watch out . there won 't be faster . 
is there a night club with a show ? 
i 'd like to see you at about the contract , how do you like it ? 
do you have something hot ? 
how many tablets once ? 
yes , i have been treated for lumbago in japan . 
may i ask who 's calling ? 
could you check my coat ? 
i 'll have a cheeseburger and french fries , please . 
i 'd like three of those , this one , please . 
do you have a reservation ? 
did you go to 海路 in america . 
do you have anything to declare ? 
i don 't think so . 
i left my coat in the room . 
i 'll have some coffee with cream , please . 
is that so ? your stay . 
i don 't understand . 
do you have some disposable diapers ? 
just press here , please . 
by what time should i check in ? 
i have allergies . 
go straight for two blocks . 
thank you , i 'll be glad to come . 
you 'd better send 開封 , i 'd like to send this as printed matter , you can 従って 's cheap . 
excuse me , but are sold out . 
could you please write down your address here ? 
is there a 霧 . 
where can i find it ? 
oh , my god . 
i suffer from anemia . 
could you show me your identification card ? 
we 'd like to share stew beef . 
i 'll take two of these . 
what goes good with this dish ? 
i 'm an only child . 
is the service charge included in the total ? 
can 't you make it a bit of you ? 
i 'd like to reserve a twin room . 
they are all sold out for tonight 's performance . 
the room light doesn 't work . 
my name is ishibashi in room one zero eight . 
why don 't you come to my house ? this afternoon barbecue party , please . 
oh , i 'm coming driver ? i 've heard you get my buddy ? 
let 's take an x-ray . 
is this made in japan ? 
it 's a brown suitcase with casters and a piece . 
keep this somewhere , please . 
i 'm sorry , i 'll come when i don 't have an appointment , but it 's directions.just follow you . 
good afternoon . 
can 't you to another table with a nice view ? 
turn left at the second corner , please . 
i don 't have a reservation . 
may i see the menu ? 
i 'll write to you from japan . 
no , i haven 't seen it about you ? 
can i change this , please ? 
yes , we do you have any local specialty 's your favorite wine ? 
i 'm pregnant . 
one week . 
i 'd like a scotch on the rocks , please . 
would you like to pay at the cashier , please . 
i plan to your 栄誉 たたえ welcome party . 
keep a little , please . 
some more milk , please . 
when will it be ready ? 
you should in english . 
since yesterday morning . 
what should i do to call this number ? 
yes , i went there three years ago there . 
nice to meet you . 
help . 
it is . 
it was in my briefly ? 
please don 't.this is a room with bath . 
turn right at the second traffic light , and it 's on this side of the next . 
let me buy you a drink . 
i 'd like to rent a car . 
yes , liqueur , please . 
i 'm on flight zero zero one for tokyo . 
this is not what i ordered . 
i 'd like to stay two more nights . 
thank you . 
i have heartburn . 
one mixed salad , please . 
i 'd like to sit with my friend . 
it 's a nice day , isn 't it ? 
no . 
medium , please . 
please put some highlights in my hair . 
could you exchange this yen into dollars ? 
what is the gate number for flight eight ? 
i 'm just looking . 
the toilet doesn 't flush . 
this beer , すばらしく looks good . 
this , please . 
that 's not what i wanted . 
i 'm looking for a camera shop , let 's get more come . 
oh , really ? 
i was getting on the subway . 
how long does it take to green ? 
i go to グラナダ . 
could you recommend a good restaurant in the dish thailand ? 
do you have a campsite nearby ? 
could you check it again ? 
do you know the address ? 
this is my student student three . 
my wallet was stolen . 
what time will we arrive in boston ? 
i don 't have a little , please ? 
i 'd like to pick up my valuables . 
three dollars back , please . 
then , i 'll make it special more beautiful from this time . 
that sounds good . 
what is the next station ? 
it 's fifteen at seven . 
i 'm sorry , but i have a customs declaration form ? 
can i have a medicine for fever . 
what is this made of ? 
may i interrupt ? i 'm lost . . 
where is the hotel ? 
please cancel my card . 
how much is the cabin with a view of the ocean ? 
two box seats for thursday evening , please . 
please have my bill ready . 
excuse me . 
excuse me , miss . 
may i use your bathroom ? 
do you mind if i smoke ? 
will it shrink ? 
do you have any tour guidebooks ? 
check , please . 
what time is it now ? 
cash on delivery , please . 
how long have you ? 
ハーバーサイド station two tickets , please . 
don 't be late . 
do you have insurance cover all in case of an accident ? 
where is the lost and found ? 
do you smoke , could you stop ? 
it 's a bit too big do you have any smaller ones ? 
is this a 食う car that gets good mileage . 
i 'll be back in your store open まえ . 
what time does the show start ? 
i 'm sorry , but i 'm afraid i just now . 
i don 't know where i am . 
what time does the show end ? 
does this street cross broadway ? 
are you ready to order ? 
or charge ? 
is there a department store around here ? 
i 'd like a double espresso , please . 
i 'm just looking , thank you . 
do you have any medicine for airsickness ? 
please write your address here . 
how would you like your size coke , large or small ? 
this is a nice party , thank you . 
where can i get the bus to downtown ? 
i 'll 長もち ? 
window seat , please . 
my blood type is a. 
until the end of this month by six nine one economy rates for dollars . 
this is the operator . 
the car makes a strange noise . 
could you find a baby-sitter for tonight , okay ? 
may i have that one , please . 
yes.bring me pancakes , please . 
you 've got appendicitis . 
michael . 
certainly . 
please send it to this address . 
can you recommend a good musical ? 
do you have any events tonight ? 
are you married ? 
may i use the bathroom ? 
my handbag was stolen . 
i hope you 'll like it . 
do you have any seats on this flight ? 
please pay the airport tax ? 
this is room two one four . 
what is today 's selections ? 
do you speak japanese ? 
how many people , please ? may i help you ? 
may i have a medical certificate ? 
do you have any other color for this sweater ? 
do you have playing cards ? 
where can i reserve a tennis court ? 
the number is nine nine nine nine nine nine nine . 
where is the boarding gate ? 
any free juice ? 
is breakfast included ? 
it tastes light . 
do you accept traveler 's checks ? 
which way is north ? 
poached eggs , please . 
what time is the last train for paris leaves , please . 
that 's right . 
excuse me , i was 思い違い . 
for two on a motorcycle snatched my bag . 
what is this charge for ? 
could you wait for me here ? 
two adults , please . 
well , let me check it . i get an extra charge misloaded , this is correct bill . 
small of potato salad , please . 
i 'd like a carton of cigarettes . 
i 'd like to change some japanese yen for american dollars . 
i must go now . 
you have the wrong road . 
do i need to change trains 乗換える ? 
yes , of course . 
can you change this into dollars , please . 
the same , please . 
yes . 
he was really great good-bye , uh , i still with sleeping . 
please part it on the left more . 
what kind of style is now in is most popular sandals ? 
is this a self-service restaurant ? 
can i drop the car off ? 
what time is check-out ? 
please write down your address in this 送り状 . 
where is the nearest station ? 
where 's the nearest subway goes to the center of town ? 
for ten days . 
please change to the number five bus . 
see you later . 
i 'll give you a prescription . 
clear the table , please . 
there 's a hole in this small . 
i 'll get off at the next stop . 
do you have a reservation ? 
are you sure ? 
she is having the same dish , please . 
there is a timetable . 
just a moment , please . 
may i see your passport and immigration card , it , please . 
i 'd like a refund . 
i 'm here on vacation . 
thanks.you too . 
yes , it is . 
i 'd like scrambled eggs , please . 
i 'm in the back . cigarette smoke somebody i smoke , so i feel bad of it . 
yes , my name is ichiro tanaka , please ? i 'm staying at the hilton hotel . 
could you cash these traveler 's checks ? 
this is my credit card . 
how do i adjust the body ? 
what do i write here ? 
i 'd like some earrings . 
a ounces of chanel no. 19 perfume , please . 
can i go into the building ? 
take me to this address , please . 
is the botanical garden open today ? 
beer , please . 
this way , please . 
i 'd like some milk , please . 
is there a doctor who speaks japanese here ? 
i 'm sorry to have kept you waiting . 
five . 
may i see your passport , please . 
is there a settling down.i would you fill this fragrance ? 
i understand . 
i feel sick . 
i 'll start with your things , please . 
i don 't 怒ら ? 
where will it be held game ? 
that was here . 
i want something for a fever . 
it 's on the first floor seat tickets , please . 
i 'm getting angry . 
about ten days . 
if possible for tomorrow , please . 
are there any good movies ? 
is there a place to change money ? 
scrambled , please . 
how much does it cost to drink ? 
is that all ? one one coke , and for brandy . 
he is 有望 . 
may i have a menu , please . 
i 'd like to reserve a table for two at seven o 'clock . 
do you have smaller bills ? 
how much is the fare ? 
i 've never been there at all . 
the coffee shop is free , but i dress . 
what kind of dish is this ? 
i 'd like to rent an ironing board that . 
stop here , please . 
i 've been cook a new constitution industry.it promoted , but . 
how do you usually in japan is for hire ? can i expect advertising each , for example , what do you think ? 
where 's the ガーター ? 
i 'm going to leave early tomorrow morning.please have my bill ready . 
when can we tee-off ? 
i don 't have a reservation . 
i feel chilly . 
it 's a brown bag ? 
yes , could you show me how to use this pump ? 
do you have an opinion regarding 不倫 ? 
could you weigh this parcel ? 
i 'd like a taxi , please . 
no jeans , please . 
this is not what i 'm looking for something . 
i have three pieces of baggage . 
i 'd like to stay here longer two or three days . 
where is the hotel ? 
i like it very much . 
ten dollars , isn 't it ? 
do i need to make a cast . 
may i have a doggie bag ? 
your room number is 's a good hotel ? 
it 's over there , in the lobby . 
would you change the spare tire , please . 
no pickles , please . 
at any of our branches . 
have a nice day . 
do you accept traveler 's checks ? 
what 's the matter ? 
your room number , please . 
this is my father . 
please insert two dollars.you can talk for three minutes . 
just go along the river . 
a lot of 火山 . 
this is room eleven o seven seven . 
